<?xml version="1.0" encoding="UTF-8"?>
<!-- Generated by org.testng.reporters.JUnitXMLReporter -->
<testsuite hostname="ARIFs-MBP.fios-router.home" ignored="0" name="Default test" tests="4" failures="0" timestamp="2020-10-23T21:38:59 EDT" time="15.924" errors="0">
  <testcase name="verifyHomePageTitle" time="0.158" classname="com.qa.orangehrm.tests.HomePageTest"/>
  <testcase name="verifyHomePageHeader" time="0.26" classname="com.qa.orangehrm.tests.HomePageTest"/>
  <testcase name="verifyLoggedInUserAccount" time="0.242" classname="com.qa.orangehrm.tests.HomePageTest"/>
  <testcase name="verifyAuthentication" time="0.006" classname="com.qa.orangehrm.tests.HomePageTest"/>
</testsuite> <!-- Default test -->
