<?xml version="1.0" encoding="UTF-8"?>
<!-- Generated by org.testng.reporters.JUnitXMLReporter -->
<testsuite hostname="ARIFs-MBP.fios-router.home" ignored="6" name="Orange HRM Sanity Tests" tests="2" failures="0" timestamp="2020-11-06T21:28:51 EST" time="7.453" errors="0">
  <testcase name="loginTest" time="1.172" classname="com.qa.orangehrm.tests.LoginPageTest"/>
  <testcase name="verifyLoggedInUserAccount" time="0.023" classname="com.qa.orangehrm.tests.HomePageTest"/>
  <testcase name="login_InvalidTestCase" time="0.0" classname="com.qa.orangehrm.tests.LoginPageTest">
    <ignored/>
  </testcase> <!-- login_InvalidTestCase -->
  <testcase name="verifyHomePageHeader" time="0.0" classname="com.qa.orangehrm.tests.HomePageTest">
    <ignored/>
  </testcase> <!-- verifyHomePageHeader -->
  <testcase name="verifyHomePageTitle" time="0.0" classname="com.qa.orangehrm.tests.HomePageTest">
    <ignored/>
  </testcase> <!-- verifyHomePageTitle -->
  <testcase name="verifyLoginPageTitle" time="0.0" classname="com.qa.orangehrm.tests.LoginPageTest">
    <ignored/>
  </testcase> <!-- verifyLoginPageTitle -->
  <testcase name="verifyAuthentication" time="0.0" classname="com.qa.orangehrm.tests.HomePageTest">
    <ignored/>
  </testcase> <!-- verifyAuthentication -->
  <testcase name="verifyForgetPassLink" time="0.0" classname="com.qa.orangehrm.tests.LoginPageTest">
    <ignored/>
  </testcase> <!-- verifyForgetPassLink -->
</testsuite> <!-- Orange HRM Sanity Tests -->
